2018-05-11T08:41:50.383+0000 [initandlisten] MongoDB starting : pid=9 port=27017 dbpath=/var/data/mongo master=1 64-bit host=mongomaster
2018-05-11T08:41:50.383+0000 [initandlisten] db version v2.6.10
2018-05-11T08:41:50.383+0000 [initandlisten] git version: nogitversion
2018-05-11T08:41:50.383+0000 [initandlisten] OpenSSL version: OpenSSL 1.0.2g  1 Mar 2016
2018-05-11T08:41:50.383+0000 [initandlisten] build info: Linux lgw01-12 3.19.0-25-generic #26~14.04.1-Ubuntu SMP Fri Jul 24 21:16:20 UTC 2015 x86_64 BOOST_LIB_VERSION=1_58
2018-05-11T08:41:50.383+0000 [initandlisten] allocator: tcmalloc
2018-05-11T08:41:50.383+0000 [initandlisten] options: { config: "/etc/mongodb.conf", master: true, net: { bindIp: "mongomaster", port: 27017 }, security: { authorization: "disabled" }, storage: { dbPath: "/var/data/mongo", journal: { enabled: true } }, systemLog: { destination: "file", logAppend: true, path: "/var/log/mongodb/mongodb.log" } }
2018-05-11T08:41:50.383+0000 [initandlisten] exception in initAndListen: 10296 
*********************************************************************
 ERROR: dbpath (/var/data/mongo) does not exist.
 Create this directory or give existing directory in --dbpath.
 See http://dochub.mongodb.org/core/startingandstoppingmongo
*********************************************************************
, terminating
2018-05-11T08:41:50.383+0000 [initandlisten] dbexit: 
2018-05-11T08:41:50.383+0000 [initandlisten] shutdown: going to close listening sockets...
2018-05-11T08:41:50.383+0000 [initandlisten] shutdown: going to flush diaglog...
2018-05-11T08:41:50.383+0000 [initandlisten] shutdown: going to close sockets...
2018-05-11T08:41:50.383+0000 [initandlisten] shutdown: waiting for fs preallocator...
2018-05-11T08:41:50.383+0000 [initandlisten] shutdown: lock for final commit...
2018-05-11T08:41:50.383+0000 [initandlisten] shutdown: final commit...
2018-05-11T08:41:50.383+0000 [initandlisten] shutdown: closing all files...
2018-05-11T08:41:50.383+0000 [initandlisten] closeAllFiles() finished
2018-05-11T08:41:50.383+0000 [initandlisten] dbexit: really exiting now
2018-05-11T08:42:46.085+0000 ***** SERVER RESTARTED *****
2018-05-11T08:42:46.087+0000 [initandlisten] MongoDB starting : pid=9 port=27017 dbpath=/var/data/mongo master=1 64-bit host=mongomaster
2018-05-11T08:42:46.087+0000 [initandlisten] db version v2.6.10
2018-05-11T08:42:46.087+0000 [initandlisten] git version: nogitversion
2018-05-11T08:42:46.087+0000 [initandlisten] OpenSSL version: OpenSSL 1.0.2g  1 Mar 2016
2018-05-11T08:42:46.087+0000 [initandlisten] build info: Linux lgw01-12 3.19.0-25-generic #26~14.04.1-Ubuntu SMP Fri Jul 24 21:16:20 UTC 2015 x86_64 BOOST_LIB_VERSION=1_58
2018-05-11T08:42:46.087+0000 [initandlisten] allocator: tcmalloc
2018-05-11T08:42:46.087+0000 [initandlisten] options: { config: "/etc/mongodb.conf", master: true, net: { bindIp: "mongomaster", port: 27017 }, security: { authorization: "disabled" }, storage: { dbPath: "/var/data/mongo", journal: { enabled: true } }, systemLog: { destination: "file", logAppend: true, path: "/var/log/mongodb/mongodb.log" } }
2018-05-11T08:42:46.087+0000 [initandlisten] exception in initAndListen: 10296 
*********************************************************************
 ERROR: dbpath (/var/data/mongo) does not exist.
 Create this directory or give existing directory in --dbpath.
 See http://dochub.mongodb.org/core/startingandstoppingmongo
*********************************************************************
, terminating
2018-05-11T08:42:46.087+0000 [initandlisten] dbexit: 
2018-05-11T08:42:46.087+0000 [initandlisten] shutdown: going to close listening sockets...
2018-05-11T08:42:46.087+0000 [initandlisten] shutdown: going to flush diaglog...
2018-05-11T08:42:46.087+0000 [initandlisten] shutdown: going to close sockets...
2018-05-11T08:42:46.087+0000 [initandlisten] shutdown: waiting for fs preallocator...
2018-05-11T08:42:46.087+0000 [initandlisten] shutdown: lock for final commit...
2018-05-11T08:42:46.087+0000 [initandlisten] shutdown: final commit...
2018-05-11T08:42:46.087+0000 [initandlisten] shutdown: closing all files...
2018-05-11T08:42:46.087+0000 [initandlisten] closeAllFiles() finished
2018-05-11T08:42:46.087+0000 [initandlisten] dbexit: really exiting now
2018-05-11T08:43:54.493+0000 ***** SERVER RESTARTED *****
2018-05-11T08:43:54.495+0000 [initandlisten] MongoDB starting : pid=9 port=27017 dbpath=/var/data/mongo master=1 64-bit host=mongomaster
2018-05-11T08:43:54.495+0000 [initandlisten] db version v2.6.10
2018-05-11T08:43:54.495+0000 [initandlisten] git version: nogitversion
2018-05-11T08:43:54.495+0000 [initandlisten] OpenSSL version: OpenSSL 1.0.2g  1 Mar 2016
2018-05-11T08:43:54.495+0000 [initandlisten] build info: Linux lgw01-12 3.19.0-25-generic #26~14.04.1-Ubuntu SMP Fri Jul 24 21:16:20 UTC 2015 x86_64 BOOST_LIB_VERSION=1_58
2018-05-11T08:43:54.495+0000 [initandlisten] allocator: tcmalloc
2018-05-11T08:43:54.495+0000 [initandlisten] options: { config: "/etc/mongodb.conf", master: true, net: { bindIp: "mongomaster", port: 27017 }, security: { authorization: "disabled" }, storage: { dbPath: "/var/data/mongo", journal: { enabled: true } }, systemLog: { destination: "file", logAppend: true, path: "/var/log/mongodb/mongodb.log" } }
2018-05-11T08:43:54.495+0000 [initandlisten] exception in initAndListen: 10296 
*********************************************************************
 ERROR: dbpath (/var/data/mongo) does not exist.
 Create this directory or give existing directory in --dbpath.
 See http://dochub.mongodb.org/core/startingandstoppingmongo
*********************************************************************
, terminating
2018-05-11T08:43:54.495+0000 [initandlisten] dbexit: 
2018-05-11T08:43:54.495+0000 [initandlisten] shutdown: going to close listening sockets...
2018-05-11T08:43:54.495+0000 [initandlisten] shutdown: going to flush diaglog...
2018-05-11T08:43:54.495+0000 [initandlisten] shutdown: going to close sockets...
2018-05-11T08:43:54.496+0000 [initandlisten] shutdown: waiting for fs preallocator...
2018-05-11T08:43:54.496+0000 [initandlisten] shutdown: lock for final commit...
2018-05-11T08:43:54.496+0000 [initandlisten] shutdown: final commit...
2018-05-11T08:43:54.496+0000 [initandlisten] shutdown: closing all files...
2018-05-11T08:43:54.496+0000 [initandlisten] closeAllFiles() finished
2018-05-11T08:43:54.496+0000 [initandlisten] dbexit: really exiting now
2018-05-11T08:49:13.646+0000 ***** SERVER RESTARTED *****
2018-05-11T08:49:13.648+0000 [initandlisten] MongoDB starting : pid=28 port=27017 dbpath=/var/data/mongo master=1 64-bit host=mongomaster
2018-05-11T08:49:13.648+0000 [initandlisten] db version v2.6.10
2018-05-11T08:49:13.648+0000 [initandlisten] git version: nogitversion
2018-05-11T08:49:13.648+0000 [initandlisten] OpenSSL version: OpenSSL 1.0.2g  1 Mar 2016
2018-05-11T08:49:13.648+0000 [initandlisten] build info: Linux lgw01-12 3.19.0-25-generic #26~14.04.1-Ubuntu SMP Fri Jul 24 21:16:20 UTC 2015 x86_64 BOOST_LIB_VERSION=1_58
2018-05-11T08:49:13.648+0000 [initandlisten] allocator: tcmalloc
2018-05-11T08:49:13.648+0000 [initandlisten] options: { config: "/etc/mongodb.conf", master: true, net: { bindIp: "mongomaster", port: 27017 }, security: { authorization: "disabled" }, storage: { dbPath: "/var/data/mongo", journal: { enabled: true } }, systemLog: { destination: "file", logAppend: true, path: "/var/log/mongodb/mongodb.log" } }
2018-05-11T08:49:13.648+0000 [initandlisten] exception in initAndListen: 10296 
*********************************************************************
 ERROR: dbpath (/var/data/mongo) does not exist.
 Create this directory or give existing directory in --dbpath.
 See http://dochub.mongodb.org/core/startingandstoppingmongo
*********************************************************************
, terminating
2018-05-11T08:49:13.648+0000 [initandlisten] dbexit: 
2018-05-11T08:49:13.648+0000 [initandlisten] shutdown: going to close listening sockets...
2018-05-11T08:49:13.648+0000 [initandlisten] shutdown: going to flush diaglog...
2018-05-11T08:49:13.648+0000 [initandlisten] shutdown: going to close sockets...
2018-05-11T08:49:13.648+0000 [initandlisten] shutdown: waiting for fs preallocator...
2018-05-11T08:49:13.648+0000 [initandlisten] shutdown: lock for final commit...
2018-05-11T08:49:13.648+0000 [initandlisten] shutdown: final commit...
2018-05-11T08:49:13.648+0000 [initandlisten] shutdown: closing all files...
2018-05-11T08:49:13.648+0000 [initandlisten] closeAllFiles() finished
2018-05-11T08:49:13.648+0000 [initandlisten] dbexit: really exiting now
2018-05-11T08:49:26.935+0000 ***** SERVER RESTARTED *****
2018-05-11T08:49:26.937+0000 [initandlisten] MongoDB starting : pid=36 port=27017 dbpath=/var/data/mongo master=1 64-bit host=mongomaster
2018-05-11T08:49:26.937+0000 [initandlisten] db version v2.6.10
2018-05-11T08:49:26.937+0000 [initandlisten] git version: nogitversion
2018-05-11T08:49:26.937+0000 [initandlisten] OpenSSL version: OpenSSL 1.0.2g  1 Mar 2016
2018-05-11T08:49:26.937+0000 [initandlisten] build info: Linux lgw01-12 3.19.0-25-generic #26~14.04.1-Ubuntu SMP Fri Jul 24 21:16:20 UTC 2015 x86_64 BOOST_LIB_VERSION=1_58
2018-05-11T08:49:26.937+0000 [initandlisten] allocator: tcmalloc
2018-05-11T08:49:26.937+0000 [initandlisten] options: { config: "/etc/mongodb.conf", master: true, net: { bindIp: "mongomaster", port: 27017 }, security: { authorization: "disabled" }, storage: { dbPath: "/var/data/mongo", journal: { enabled: true } }, systemLog: { destination: "file", logAppend: true, path: "/var/log/mongodb/mongodb.log" } }
2018-05-11T08:49:26.937+0000 [initandlisten] exception in initAndListen: 10296 
*********************************************************************
 ERROR: dbpath (/var/data/mongo) does not exist.
 Create this directory or give existing directory in --dbpath.
 See http://dochub.mongodb.org/core/startingandstoppingmongo
*********************************************************************
, terminating
2018-05-11T08:49:26.937+0000 [initandlisten] dbexit: 
2018-05-11T08:49:26.937+0000 [initandlisten] shutdown: going to close listening sockets...
2018-05-11T08:49:26.937+0000 [initandlisten] shutdown: going to flush diaglog...
2018-05-11T08:49:26.937+0000 [initandlisten] shutdown: going to close sockets...
2018-05-11T08:49:26.937+0000 [initandlisten] shutdown: waiting for fs preallocator...
2018-05-11T08:49:26.937+0000 [initandlisten] shutdown: lock for final commit...
2018-05-11T08:49:26.937+0000 [initandlisten] shutdown: final commit...
2018-05-11T08:49:26.937+0000 [initandlisten] shutdown: closing all files...
2018-05-11T08:49:26.937+0000 [initandlisten] closeAllFiles() finished
2018-05-11T08:49:26.937+0000 [initandlisten] dbexit: really exiting now
2018-05-11T08:49:53.386+0000 ***** SERVER RESTARTED *****
2018-05-11T08:49:53.388+0000 [initandlisten] MongoDB starting : pid=49 port=27017 dbpath=/var/data/mongo master=1 64-bit host=mongomaster
2018-05-11T08:49:53.388+0000 [initandlisten] db version v2.6.10
2018-05-11T08:49:53.388+0000 [initandlisten] git version: nogitversion
2018-05-11T08:49:53.388+0000 [initandlisten] OpenSSL version: OpenSSL 1.0.2g  1 Mar 2016
2018-05-11T08:49:53.388+0000 [initandlisten] build info: Linux lgw01-12 3.19.0-25-generic #26~14.04.1-Ubuntu SMP Fri Jul 24 21:16:20 UTC 2015 x86_64 BOOST_LIB_VERSION=1_58
2018-05-11T08:49:53.388+0000 [initandlisten] allocator: tcmalloc
2018-05-11T08:49:53.388+0000 [initandlisten] options: { config: "/etc/mongodb.conf", master: true, net: { bindIp: "mongomaster", port: 27017 }, security: { authorization: "disabled" }, storage: { dbPath: "/var/data/mongo", journal: { enabled: true } }, systemLog: { destination: "file", logAppend: true, path: "/var/log/mongodb/mongodb.log" } }
2018-05-11T08:49:53.388+0000 [initandlisten] exception in initAndListen: 10296 
*********************************************************************
 ERROR: dbpath (/var/data/mongo) does not exist.
 Create this directory or give existing directory in --dbpath.
 See http://dochub.mongodb.org/core/startingandstoppingmongo
*********************************************************************
, terminating
2018-05-11T08:49:53.388+0000 [initandlisten] dbexit: 
2018-05-11T08:49:53.388+0000 [initandlisten] shutdown: going to close listening sockets...
2018-05-11T08:49:53.388+0000 [initandlisten] shutdown: going to flush diaglog...
2018-05-11T08:49:53.388+0000 [initandlisten] shutdown: going to close sockets...
2018-05-11T08:49:53.388+0000 [initandlisten] shutdown: waiting for fs preallocator...
2018-05-11T08:49:53.388+0000 [initandlisten] shutdown: lock for final commit...
2018-05-11T08:49:53.388+0000 [initandlisten] shutdown: final commit...
2018-05-11T08:49:53.388+0000 [initandlisten] shutdown: closing all files...
2018-05-11T08:49:53.388+0000 [initandlisten] closeAllFiles() finished
2018-05-11T08:49:53.388+0000 [initandlisten] dbexit: really exiting now
